[17:31:04] [ServerMain/INFO]: [bootstrap] Running Java 21 (OpenJDK 64-Bit Server VM 21.0.7+6-Ubuntu-0ubuntu120.04; Ubuntu null) on Linux 6.8.0-1027-azure (amd64)
[17:31:04] [ServerMain/INFO]: [bootstrap] Loading Paper 1.21-130-master@b1b5d4c (2024-08-10T10:02:42Z) for Minecraft 1.21
[17:31:05] [ServerMain/INFO]: [PluginInitializerManager] Initializing plugins...
[17:31:06] [ServerMain/INFO]: [PluginInitializerManager] Initialized 3 plugins
[17:31:06] [ServerMain/INFO]: [PluginInitializerManager] Bukkit plugins (3):
 - Geyser-Spigot (2.7.1-SNAPSHOT), ViaVersion (5.3.2), floodgate (2.2.4-SNAPSHOT (b116-0e3163c))
[17:31:16] [ServerMain/INFO]: Environment: Environment[sessionHost=https://sessionserver.mojang.com, servicesHost=https://api.minecraftservices.com, name=PROD]
[17:31:19] [ServerMain/INFO]: Loaded 1290 recipes
[17:31:19] [ServerMain/INFO]: Loaded 1399 advancements
[17:31:19] [Server thread/INFO]: Starting minecraft server version 1.21
[17:31:19] [Server thread/INFO]: Loading properties
[17:31:19] [Server thread/INFO]: This server is running Paper version 1.21-130-master@b1b5d4c (2024-08-10T10:02:42Z) (Implementing API version 1.21-R0.1-SNAPSHOT)
[17:31:20] [Server thread/INFO]: [spark] This server bundles the spark profiler. For more information please visit https://docs.papermc.io/paper/profiling
[17:31:20] [Server thread/INFO]: Server Ping Player Sample Count: 12
[17:31:20] [Server thread/INFO]: Using 4 threads for Netty based IO
[17:31:22] [Server thread/INFO]: [ChunkTaskScheduler] Chunk system is using 1 I/O threads, 1 worker threads, and population gen parallelism of 1 threads
[17:31:22] [Server thread/INFO]: Default game type: SURVIVAL
[17:31:22] [Server thread/INFO]: Generating keypair
[17:31:22] [Server thread/INFO]: Starting Minecraft server on *:25565
[17:31:22] [Server thread/INFO]: Using epoll channel type
[17:31:22] [Server thread/INFO]: Paper: Using libdeflate (Linux x86_64) compression from Velocity.
[17:31:22] [Server thread/INFO]: Paper: Using OpenSSL 1.1.x (Linux x86_64) cipher from Velocity.
[17:31:24] [Server thread/INFO]: [floodgate] Loading server plugin floodgate v2.2.4-SNAPSHOT (b116-0e3163c)
[17:31:27] [Server thread/WARN]: [floodgate] en_ is not a supported Floodgate language.
[17:31:27] [Server thread/INFO]: [floodgate] Took 3,013ms to boot Floodgate
[17:31:27] [Server thread/INFO]: [ViaVersion] Loading server plugin ViaVersion v5.3.2
[17:31:27] [Server thread/INFO]: [ViaVersion] ViaVersion 5.3.2 is now loaded. Registering protocol transformers and injecting...
[17:31:30] [Via-Mappingloader-0/INFO]: [ViaVersion] Loading block connection mappings ...
[17:31:30] [Via-Mappingloader-0/INFO]: [ViaVersion] Using FastUtil Long2ObjectOpenHashMap for block connections
[17:31:32] [Server thread/INFO]: [Geyser-Spigot] Loading server plugin Geyser-Spigot v2.7.1-SNAPSHOT
[17:31:34] [Server thread/INFO]: [Geyser-Spigot] Loading extensions...
[17:31:34] [Server thread/INFO]: [Geyser-Spigot] Loaded 0 extension(s)
[17:31:34] [Server thread/INFO]: Server permissions file permissions.yml is empty, ignoring it
[17:31:34] [Server thread/WARN]: **** SERVER IS RUNNING IN OFFLINE/INSECURE MODE!
[17:31:34] [Server thread/WARN]: The server will make no attempt to authenticate usernames. Beware.
[17:31:34] [Server thread/WARN]: While this makes the game possible to play without internet access, it also opens up the ability for hackers to connect with any username they choose.
[17:31:34] [Server thread/WARN]: To change this, set "online-mode" to "true" in the server.properties file.
[17:31:34] [Server thread/INFO]: Preparing level "world"
[17:31:35] [Server thread/INFO]: Preparing start region for dimension minecraft:overworld
[17:31:37] [Server thread/INFO]: Time elapsed: 2018 ms
[17:31:37] [Server thread/INFO]: Preparing start region for dimension minecraft:the_nether
[17:31:38] [Server thread/INFO]: Time elapsed: 401 ms
[17:31:38] [Server thread/INFO]: Preparing start region for dimension minecraft:the_end
[17:31:38] [Server thread/INFO]: Time elapsed: 290 ms
[17:31:38] [Server thread/INFO]: [floodgate] Enabling floodgate v2.2.4-SNAPSHOT (b116-0e3163c)
[17:31:40] [Server thread/INFO]: [ViaVersion] Enabling ViaVersion v5.3.2
[17:31:40] [Server thread/INFO]: [ViaVersion] ViaVersion detected server version: 1.21-1.21.1 (767)
[17:31:40] [Server thread/INFO]: [Geyser-Spigot] Enabling Geyser-Spigot v2.7.1-SNAPSHOT
[17:31:42] [Server thread/INFO]: [spark] Starting background profiler...
[17:31:43] [Server thread/INFO]: [Geyser-Spigot] ******************************************
[17:31:43] [Server thread/INFO]: [Geyser-Spigot] 
[17:31:43] [Server thread/INFO]: [Geyser-Spigot] Loading Geyser version 2.7.1-b833 (git-master-d0be6d9)
[17:31:43] [Server thread/INFO]: [Geyser-Spigot] 
[17:31:43] [Server thread/INFO]: [Geyser-Spigot] ******************************************
[17:31:58] [epollEventLoopGroup-3-1/INFO]: [Geyser-Spigot] Started Geyser on UDP port 4770
[17:31:59] [Server thread/INFO]: [Geyser-Spigot] Done (16.044s)! Run /geyser help for help!
[17:31:59] [Server thread/INFO]: Done preparing level "world" (24.703s)
[17:31:59] [Server thread/INFO]: Running delayed init tasks
[17:31:59] [Server thread/INFO]: Done (59.306s)! For help, type "help"
[17:31:59] [Craft Scheduler Thread - 5 - ViaVersion/INFO]: [ViaVersion] Finished mapping loading, shutting down loader executor.
[17:31:59] [Server thread/INFO]: Timings Reset
[17:32:10] [User Authenticator #0/INFO]: UUID of player Taka_la is 0f21aac0-d49b-328e-90fe-0ebada7e3968
[17:32:12] [Server thread/INFO]: Taka_la joined the game
[17:32:13] [Server thread/INFO]: Taka_la[/127.226.207.163:53303] logged in with entity id 83 at ([world]458.17689811618357, 72.0, -11.037319117521486)
[17:32:29] [Server thread/INFO]: Taka_la issued server command: /kill
[17:32:29] [Server thread/INFO]: Taka_la was killed
[17:32:29] [Server thread/INFO]: [Taka_la: Killed Taka_la]
[17:32:31] [epollEventLoopGroup-4-1/INFO]: [Geyser-Spigot] Player connected with username Dangerous3945
[17:32:31] [localSession-7-2/INFO]: [Geyser-Spigot] Dangerous3945 (logged in as: Dangerous3945) has connected to the Java server
[17:32:31] [Server thread/INFO]: [floodgate] Floodgate player logged in as .Dangerous3945 joined (UUID: 00000000-0000-0000-0009-01f1f6eff097)
[17:32:32] [Server thread/INFO]: .Dangerous3945 joined the game
[17:32:32] [Server thread/INFO]: .Dangerous3945[/127.0.0.1:0] logged in with entity id 201 at ([world]423.82028, 70.0, -13.196192)
[17:33:07] [epollEventLoopGroup-4-1/INFO]: [Geyser-Spigot] Dangerous3945 has disconnected from the Java server because of Bedrock client timed out
[17:33:07] [Geyser Spigot connection thread-6-3/INFO]: [floodgate] Floodgate player logged in as .Dangerous3945 disconnected
[17:33:07] [Server thread/INFO]: .Dangerous3945 lost connection: Disconnected
[17:33:07] [Server thread/INFO]: .Dangerous3945 left the game
[17:34:32] [epollEventLoopGroup-4-2/INFO]: [Geyser-Spigot] Player connected with username Dangerous3945
[17:34:32] [localSession-7-3/INFO]: [Geyser-Spigot] Dangerous3945 (logged in as: Dangerous3945) has connected to the Java server
[17:34:32] [Server thread/INFO]: [floodgate] Floodgate player logged in as .Dangerous3945 joined (UUID: 00000000-0000-0000-0009-01f1f6eff097)
[17:34:32] [Server thread/INFO]: .Dangerous3945 joined the game
[17:34:32] [Server thread/INFO]: .Dangerous3945[/127.0.0.1:0] logged in with entity id 403 at ([world]423.82028, 70.0, -13.196192)
[17:34:35] [Server thread/INFO]: Taka_la issued server command: /time set day
[17:34:35] [Server thread/INFO]: [Taka_la: Set the time to 1000]
[17:35:03] [epollEventLoopGroup-4-2/INFO]: [Geyser-Spigot] Dangerous3945 has disconnected from the Java server because of Bedrock client timed out
[17:35:03] [Geyser Spigot connection thread-6-4/INFO]: [floodgate] Floodgate player logged in as .Dangerous3945 disconnected
[17:35:03] [Server thread/INFO]: .Dangerous3945 lost connection: Disconnected
[17:35:03] [Server thread/INFO]: .Dangerous3945 left the game
[17:43:50] [Server thread/INFO]: Stopping server
[17:43:50] [Server thread/INFO]: [Geyser-Spigot] Disabling Geyser-Spigot v2.7.1-SNAPSHOT
[17:43:50] [Server thread/INFO]: [Geyser-Spigot] Shutting down Geyser.
[17:43:50] [Server thread/INFO]: [Geyser-Spigot] Geyser shutdown successfully.
[17:43:50] [Server thread/INFO]: [ViaVersion] Disabling ViaVersion v5.3.2
[17:43:50] [Server thread/INFO]: [ViaVersion] ViaVersion has been disabled; uninjected the platform and shut down the scheduler.
[17:43:50] [Server thread/INFO]: [floodgate] Disabling floodgate v2.2.4-SNAPSHOT (b116-0e3163c)
[17:43:50] [Server thread/INFO]: Saving players
[17:43:50] [Server thread/INFO]: Taka_la lost connection: Server closed
[17:43:50] [Server thread/INFO]: Taka_la left the game
[17:43:50] [WebSocketConnectReadThread-88/INFO]: [Geyser-Spigot] The skin uploader has been closed
[17:43:50] [Server thread/INFO]: Saving worlds
[17:43:50] [Server thread/INFO]: Saving chunks for level 'ServerLevel[world]'/minecraft:overworld
[17:43:50] [Server thread/INFO]: [ChunkHolderManager] Waiting 60s for chunk system to halt for world 'world'
[17:43:50] [Server thread/INFO]: [ChunkHolderManager] Halted chunk system for world 'world'
[17:43:50] [Server thread/INFO]: [ChunkHolderManager] Saving all chunkholders for world 'world'
[17:43:51] [Server thread/INFO]: [ChunkHolderManager] Saved 360 block chunks, 107 entity chunks, 0 poi chunks in world 'world' in 0.52s
[17:43:51] [Server thread/INFO]: Saving chunks for level 'ServerLevel[world_nether]'/minecraft:the_nether
[17:43:51] [Server thread/INFO]: [ChunkHolderManager] Waiting 60s for chunk system to halt for world 'world_nether'
[17:43:51] [Server thread/INFO]: [ChunkHolderManager] Halted chunk system for world 'world_nether'
[17:43:51] [Server thread/INFO]: [ChunkHolderManager] Saving all chunkholders for world 'world_nether'
[17:43:51] [Server thread/INFO]: [ChunkHolderManager] Saved 0 block chunks, 1 entity chunks, 0 poi chunks in world 'world_nether' in 0.00s
[17:43:51] [Server thread/INFO]: Saving chunks for level 'ServerLevel[world_the_end]'/minecraft:the_end
[17:43:51] [Server thread/INFO]: [ChunkHolderManager] Waiting 60s for chunk system to halt for world 'world_the_end'
[17:43:51] [Server thread/INFO]: [ChunkHolderManager] Halted chunk system for world 'world_the_end'
[17:43:51] [Server thread/INFO]: [ChunkHolderManager] Saving all chunkholders for world 'world_the_end'
[17:43:51] [Server thread/INFO]: [ChunkHolderManager] Saved 0 block chunks, 10 entity chunks, 0 poi chunks in world 'world_the_end' in 0.01s
[17:43:51] [Server thread/INFO]: ThreadedAnvilChunkStorage (world): All chunks are saved
[17:43:51] [Server thread/INFO]: ThreadedAnvilChunkStorage (DIM-1): All chunks are saved
[17:43:51] [Server thread/INFO]: ThreadedAnvilChunkStorage (DIM1): All chunks are saved
[17:43:51] [Server thread/INFO]: ThreadedAnvilChunkStorage: All dimensions are saved
